app/build/outputs/apk/manifest-merger-debug-report.txt
-- Merging decision tree log ---
manifest
ADDED from AndroidManifest.xml:18:1
	xmlns:android
		ADDED from AndroidManifest.xml:18:11
	package
		ADDED from AndroidManifest.xml:19:5
		INJECTED from AndroidManifest.xml:0:0
		INJECTED from AndroidManifest.xml:0:0
	android:versionName
		INJECTED from AndroidManifest.xml:0:0
		INJECTED from AndroidManifest.xml:0:0
	android:versionCode
		INJECTED from AndroidManifest.xml:0:0
		INJECTED from AndroidManifest.xml:0:0
uses-permission#android.permission.INTERNET
ADDED from AndroidManifest.xml:49:5
	android:name
		ADDED from AndroidManifest.xml:49:22
uses-permission#android.permission.ACCESS_NETWORK_STATE
ADDED from AndroidManifest.xml:50:5
	android:name
		ADDED from AndroidManifest.xml:50:22
uses-permission#android.permission.WRITE_EXTERNAL_STORAGE
ADDED from AndroidManifest.xml:51:5
	android:name
		ADDED from AndroidManifest.xml:51:22
uses-permission#com.google.android.providers.gsf.permission.READ_GSERVICES
ADDED from AndroidManifest.xml:52:5
	android:name
		ADDED from AndroidManifest.xml:52:22
uses-permission#android.permission.ACCESS_COARSE_LOCATION
ADDED from AndroidManifest.xml:57:5
	android:name
		ADDED from AndroidManifest.xml:57:22
uses-permission#android.permission.ACCESS_FINE_LOCATION
ADDED from AndroidManifest.xml:58:5
	android:name
		ADDED from AndroidManifest.xml:58:22
application
ADDED from AndroidManifest.xml:60:5
MERGED from com.android.support:appcompat-v7:21.0.3:16:5
MERGED from com.android.support:support-v4:21.0.3:16:5
MERGED from com.google.android.gms:play-services:6.5.87:20:5
MERGED from com.android.support:support-v4:21.0.3:16:5
	android:label
		ADDED from AndroidManifest.xml:63:9
	android:allowBackup
		ADDED from AndroidManifest.xml:61:9
	android:icon
		ADDED from AndroidManifest.xml:62:9
	android:theme
		ADDED from AndroidManifest.xml:64:9
meta-data#com.google.android.gms.version
ADDED from AndroidManifest.xml:67:9
MERGED from com.google.android.gms:play-services:6.5.87:21:9
	android:name
		ADDED from AndroidManifest.xml:68:13
	android:value
		ADDED from AndroidManifest.xml:69:13
meta-data#com.google.android.maps.v2.API_KEY
ADDED from AndroidManifest.xml:71:9
	android:name
		ADDED from AndroidManifest.xml:72:13
	android:value
		ADDED from AndroidManifest.xml:73:13
activity#com.google.android.gms.location.sample.geofencing.MainActivity
ADDED from AndroidManifest.xml:76:9
	android:label
		ADDED from AndroidManifest.xml:78:13
	android:name
		ADDED from AndroidManifest.xml:77:13
intent-filter#android.intent.action.MAIN+android.intent.category.LAUNCHER
ADDED from AndroidManifest.xml:79:13
action#android.intent.action.MAIN
ADDED from AndroidManifest.xml:80:17
	android:name
		ADDED from AndroidManifest.xml:80:25
category#android.intent.category.LAUNCHER
ADDED from AndroidManifest.xml:82:17
	android:name
		ADDED from AndroidManifest.xml:82:27
activity#com.google.android.gms.location.sample.geofencing.ToDoListActivity
ADDED from AndroidManifest.xml:86:9
	android:label
		ADDED from AndroidManifest.xml:88:13
	android:name
		ADDED from AndroidManifest.xml:87:13
activity#com.google.android.gms.location.sample.geofencing.LayoutChangesActivity
ADDED from AndroidManifest.xml:95:9
	android:label
		ADDED from AndroidManifest.xml:97:13
	android:parentActivityName
		ADDED from AndroidManifest.xml:98:13
	android:name
		ADDED from AndroidManifest.xml:96:13
meta-data#android.support.PARENT_ACTIVITY
ADDED from AndroidManifest.xml:99:13
	android:name
		ADDED from AndroidManifest.xml:100:17
	android:value
		ADDED from AndroidManifest.xml:101:17
activity#com.google.android.gms.location.sample.geofencing.LocationActivity
ADDED from AndroidManifest.xml:104:9
	android:label
		ADDED from AndroidManifest.xml:106:13
	android:parentActivityName
		ADDED from AndroidManifest.xml:107:13
	android:name
		ADDED from AndroidManifest.xml:105:13
service#com.google.android.gms.location.sample.geofencing.GeofenceTransitionsIntentService
ADDED from AndroidManifest.xml:118:9
	android:name
		ADDED from AndroidManifest.xml:118:18
activity#com.google.android.gms.location.sample.geofencing.EditItemActivity
ADDED from AndroidManifest.xml:120:9
	android:label
		ADDED from AndroidManifest.xml:122:13
	android:parentActivityName
		ADDED from AndroidManifest.xml:123:13
	android:name
		ADDED from AndroidManifest.xml:121:13
uses-sdk
INJECTED from AndroidManifest.xml:0:0 reason: use-sdk injection requested
MERGED from com.android.support:appcompat-v7:21.0.3:15:5
MERGED from com.android.support:support-v4:21.0.3:15:5
MERGED from com.google.android.gms:play-services:6.5.87:18:5
MERGED from com.android.support:support-v4:21.0.3:15:5
	android:targetSdkVersion
		INJECTED from AndroidManifest.xml:0:0
		INJECTED from AndroidManifest.xml:0:0
	android:minSdkVersion
		INJECTED from AndroidManifest.xml:0:0
		INJECTED from AndroidManifest.xml:0:0